/opt/minizinc/current/bin/minizinc benchmarks/data/data_psplib_follow_ups/M1/j30/J30_3_1_fu_all_prec.dzn benchmarks/Mutants/mut-A2DV-2.mzn
Warning: undefined result becomes false in Boolean context
  (division by zero)
/home/soesteve/constraints/metamorphic_testing_constrints/experiments/benchmarks/Mutants/mut-A2DV-2.mzn:65.5-72.5
  in call 'forall'
  in array comprehension expression
    with i = <expression>
    with j = <expression>
/home/soesteve/constraints/metamorphic_testing_constrints/experiments/benchmarks/Mutants/mut-A2DV-2.mzn:67.9-71.13
  in if-then-else expression
  in call 'exists'
  in array comprehension expression
    with r = <expression>
  in binary '>' operator expression
  in binary 'div' operator expression

Warning: undefined result becomes false in Boolean context
  (division by zero)
/home/soesteve/constraints/metamorphic_testing_constrints/experiments/benchmarks/Mutants/mut-A2DV-2.mzn:65.5-72.5
  in call 'forall'
  in array comprehension expression
    with i = <expression>
    with j = <expression>
/home/soesteve/constraints/metamorphic_testing_constrints/experiments/benchmarks/Mutants/mut-A2DV-2.mzn:67.9-71.13
  in if-then-else expression
  in call 'exists'
  in array comprehension expression
    with r = <expression>
  in binary '>' operator expression
  in binary 'div' operator expression

Warning: undefined result becomes false in Boolean context
  (division by zero)
/home/soesteve/constraints/metamorphic_testing_constrints/experiments/benchmarks/Mutants/mut-A2DV-2.mzn:65.5-72.5
  in call 'forall'
  in array comprehension expression
    with i = <expression>
    with j = <expression>
/home/soesteve/constraints/metamorphic_testing_constrints/experiments/benchmarks/Mutants/mut-A2DV-2.mzn:67.9-71.13
  in if-then-else expression
  in call 'exists'
  in array comprehension expression
    with r = <expression>
  in binary '>' operator expression
  in binary 'div' operator expression

Warning: undefined result becomes false in Boolean context
  (division by zero)
/home/soesteve/constraints/metamorphic_testing_constrints/experiments/benchmarks/Mutants/mut-A2DV-2.mzn:65.5-72.5
  in call 'forall'
  in array comprehension expression
    with i = <expression>
    with j = <expression>
/home/soesteve/constraints/metamorphic_testing_constrints/experiments/benchmarks/Mutants/mut-A2DV-2.mzn:67.9-71.13
  in if-then-else expression
  in call 'exists'
  in array comprehension expression
    with r = <expression>
  in binary '>' operator expression
  in binary 'div' operator expression

Warning: undefined result becomes false in Boolean context
  (division by zero)
/home/soesteve/constraints/metamorphic_testing_constrints/experiments/benchmarks/Mutants/mut-A2DV-2.mzn:65.5-72.5
  in call 'forall'
  in array comprehension expression
    with i = <expression>
    with j = <expression>
/home/soesteve/constraints/metamorphic_testing_constrints/experiments/benchmarks/Mutants/mut-A2DV-2.mzn:67.9-71.13
  in if-then-else expression
  in call 'exists'
  in array comprehension expression
    with r = <expression>
  in binary '>' operator expression
  in binary 'div' operator expression

Warning: undefined result becomes false in Boolean context
  (division by zero)
/home/soesteve/constraints/metamorphic_testing_constrints/experiments/benchmarks/Mutants/mut-A2DV-2.mzn:65.5-72.5
  in call 'forall'
  in array comprehension expression
    with i = <expression>
    with j = <expression>
/home/soesteve/constraints/metamorphic_testing_constrints/experiments/benchmarks/Mutants/mut-A2DV-2.mzn:67.9-71.13
  in if-then-else expression
  in call 'exists'
  in array comprehension expression
    with r = <expression>
  in binary '>' operator expression
  in binary 'div' operator expression

Warning: undefined result becomes false in Boolean context
  (division by zero)
/home/soesteve/constraints/metamorphic_testing_constrints/experiments/benchmarks/Mutants/mut-A2DV-2.mzn:65.5-72.5
  in call 'forall'
  in array comprehension expression
    with i = <expression>
    with j = <expression>
/home/soesteve/constraints/metamorphic_testing_constrints/experiments/benchmarks/Mutants/mut-A2DV-2.mzn:67.9-71.13
  in if-then-else expression
  in call 'exists'
  in array comprehension expression
    with r = <expression>
  in binary '>' operator expression
  in binary 'div' operator expression

Warning: undefined result becomes false in Boolean context
  (division by zero)
/home/soesteve/constraints/metamorphic_testing_constrints/experiments/benchmarks/Mutants/mut-A2DV-2.mzn:65.5-72.5
  in call 'forall'
  in array comprehension expression
    with i = <expression>
    with j = <expression>
/home/soesteve/constraints/metamorphic_testing_constrints/experiments/benchmarks/Mutants/mut-A2DV-2.mzn:67.9-71.13
  in if-then-else expression
  in call 'exists'
  in array comprehension expression
    with r = <expression>
  in binary '>' operator expression
  in binary 'div' operator expression

Warning: undefined result becomes false in Boolean context
  (division by zero)
/home/soesteve/constraints/metamorphic_testing_constrints/experiments/benchmarks/Mutants/mut-A2DV-2.mzn:65.5-72.5
  in call 'forall'
  in array comprehension expression
    with i = <expression>
    with j = <expression>
/home/soesteve/constraints/metamorphic_testing_constrints/experiments/benchmarks/Mutants/mut-A2DV-2.mzn:67.9-71.13
  in if-then-else expression
  in call 'exists'
  in array comprehension expression
    with r = <expression>
  in binary '>' operator expression
  in binary 'div' operator expression

Warning: undefined result becomes false in Boolean context
  (division by zero)
/home/soesteve/constraints/metamorphic_testing_constrints/experiments/benchmarks/Mutants/mut-A2DV-2.mzn:65.5-72.5
  in call 'forall'
  in array comprehension expression
    with i = <expression>
    with j = <expression>
/home/soesteve/constraints/metamorphic_testing_constrints/experiments/benchmarks/Mutants/mut-A2DV-2.mzn:67.9-71.13
  in if-then-else expression
  in call 'exists'
  in array comprehension expression
    with r = <expression>
  in binary '>' operator expression
  in binary 'div' operator expression

Warning: undefined result becomes false in Boolean context
  (division by zero)
/home/soesteve/constraints/metamorphic_testing_constrints/experiments/benchmarks/Mutants/mut-A2DV-2.mzn:65.5-72.5
  in call 'forall'
  in array comprehension expression
    with i = <expression>
    with j = <expression>
/home/soesteve/constraints/metamorphic_testing_constrints/experiments/benchmarks/Mutants/mut-A2DV-2.mzn:67.9-71.13
  in if-then-else expression
  in call 'exists'
  in array comprehension expression
    with r = <expression>
  in binary '>' operator expression
  in binary 'div' operator expression

Warning: undefined result becomes false in Boolean context
  (division by zero)
/home/soesteve/constraints/metamorphic_testing_constrints/experiments/benchmarks/Mutants/mut-A2DV-2.mzn:65.5-72.5
  in call 'forall'
  in array comprehension expression
    with i = <expression>
    with j = <expression>
/home/soesteve/constraints/metamorphic_testing_constrints/experiments/benchmarks/Mutants/mut-A2DV-2.mzn:67.9-71.13
  in if-then-else expression
  in call 'exists'
  in array comprehension expression
    with r = <expression>
  in binary '>' operator expression
  in binary 'div' operator expression

Warning: undefined result becomes false in Boolean context
  (division by zero)
/home/soesteve/constraints/metamorphic_testing_constrints/experiments/benchmarks/Mutants/mut-A2DV-2.mzn:65.5-72.5
  in call 'forall'
  in array comprehension expression
    with i = <expression>
    with j = <expression>
/home/soesteve/constraints/metamorphic_testing_constrints/experiments/benchmarks/Mutants/mut-A2DV-2.mzn:67.9-71.13
  in if-then-else expression
  in call 'exists'
  in array comprehension expression
    with r = <expression>
  in binary '>' operator expression
  in binary 'div' operator expression

Warning: undefined result becomes false in Boolean context
  (division by zero)
/home/soesteve/constraints/metamorphic_testing_constrints/experiments/benchmarks/Mutants/mut-A2DV-2.mzn:65.5-72.5
  in call 'forall'
  in array comprehension expression
    with i = <expression>
    with j = <expression>
/home/soesteve/constraints/metamorphic_testing_constrints/experiments/benchmarks/Mutants/mut-A2DV-2.mzn:67.9-71.13
  in if-then-else expression
  in call 'exists'
  in array comprehension expression
    with r = <expression>
  in binary '>' operator expression
  in binary 'div' operator expression

Warning: undefined result becomes false in Boolean context
  (division by zero)
/home/soesteve/constraints/metamorphic_testing_constrints/experiments/benchmarks/Mutants/mut-A2DV-2.mzn:65.5-72.5
  in call 'forall'
  in array comprehension expression
    with i = <expression>
    with j = <expression>
/home/soesteve/constraints/metamorphic_testing_constrints/experiments/benchmarks/Mutants/mut-A2DV-2.mzn:67.9-71.13
  in if-then-else expression
  in call 'exists'
  in array comprehension expression
    with r = <expression>
  in binary '>' operator expression
  in binary 'div' operator expression

Warning: undefined result becomes false in Boolean context
  (division by zero)
/home/soesteve/constraints/metamorphic_testing_constrints/experiments/benchmarks/Mutants/mut-A2DV-2.mzn:65.5-72.5
  in call 'forall'
  in array comprehension expression
    with i = <expression>
    with j = <expression>
/home/soesteve/constraints/metamorphic_testing_constrints/experiments/benchmarks/Mutants/mut-A2DV-2.mzn:67.9-71.13
  in if-then-else expression
  in call 'exists'
  in array comprehension expression
    with r = <expression>
  in binary '>' operator expression
  in binary 'div' operator expression

Warning: undefined result becomes false in Boolean context
  (division by zero)
/home/soesteve/constraints/metamorphic_testing_constrints/experiments/benchmarks/Mutants/mut-A2DV-2.mzn:65.5-72.5
  in call 'forall'
  in array comprehension expression
    with i = <expression>
    with j = <expression>
/home/soesteve/constraints/metamorphic_testing_constrints/experiments/benchmarks/Mutants/mut-A2DV-2.mzn:67.9-71.13
  in if-then-else expression
  in call 'exists'
  in array comprehension expression
    with r = <expression>
  in binary '>' operator expression
  in binary 'div' operator expression

Warning: undefined result becomes false in Boolean context
  (division by zero)
/home/soesteve/constraints/metamorphic_testing_constrints/experiments/benchmarks/Mutants/mut-A2DV-2.mzn:65.5-72.5
  in call 'forall'
  in array comprehension expression
    with i = <expression>
    with j = <expression>
/home/soesteve/constraints/metamorphic_testing_constrints/experiments/benchmarks/Mutants/mut-A2DV-2.mzn:67.9-71.13
  in if-then-else expression
  in call 'exists'
  in array comprehension expression
    with r = <expression>
  in binary '>' operator expression
  in binary 'div' operator expression

Warning: undefined result becomes false in Boolean context
  (division by zero)
/home/soesteve/constraints/metamorphic_testing_constrints/experiments/benchmarks/Mutants/mut-A2DV-2.mzn:65.5-72.5
  in call 'forall'
  in array comprehension expression
    with i = <expression>
    with j = <expression>
/home/soesteve/constraints/metamorphic_testing_constrints/experiments/benchmarks/Mutants/mut-A2DV-2.mzn:67.9-71.13
  in if-then-else expression
  in call 'exists'
  in array comprehension expression
    with r = <expression>
  in binary '>' operator expression
  in binary 'div' operator expression

Warning: undefined result becomes false in Boolean context
  (division by zero)
/home/soesteve/constraints/metamorphic_testing_constrints/experiments/benchmarks/Mutants/mut-A2DV-2.mzn:65.5-72.5
  in call 'forall'
  in array comprehension expression
    with i = <expression>
    with j = <expression>
/home/soesteve/constraints/metamorphic_testing_constrints/experiments/benchmarks/Mutants/mut-A2DV-2.mzn:67.9-71.13
  in if-then-else expression
  in call 'exists'
  in array comprehension expression
    with r = <expression>
  in binary '>' operator expression
  in binary 'div' operator expression

Warning: Further warnings have been suppressed.

Start times = [0, 7, 8, 12, 18, 20, 30, 37, 38, 48, 54, 63, 70, 76, 85, 94, 104, 114, 124, 134, 142, 143, 153, 163, 169, 177, 185, 190, 195, 196]
makespan = 205
----------
==========
OK
total time: 0.21640301495790482 ms
OK
