/opt/minizinc/current/bin/minizinc benchmarks/data/data_psplib_follow_ups/M4/j30/J30_38_9_fu_rc_4.dzn benchmarks/Mutants/mut-A2DV-2.mzn
Warning: undefined result becomes false in Boolean context
  (division by zero)
/home/soesteve/constraints/metamorphic_testing_constrints/experiments/benchmarks/Mutants/mut-A2DV-2.mzn:65.5-72.5
  in call 'forall'
  in array comprehension expression
    with i = <expression>
    with j = <expression>
/home/soesteve/constraints/metamorphic_testing_constrints/experiments/benchmarks/Mutants/mut-A2DV-2.mzn:67.9-71.13
  in if-then-else expression
  in call 'exists'
  in array comprehension expression
    with r = <expression>
  in binary '>' operator expression
  in binary 'div' operator expression

Warning: undefined result becomes false in Boolean context
  (division by zero)
/home/soesteve/constraints/metamorphic_testing_constrints/experiments/benchmarks/Mutants/mut-A2DV-2.mzn:65.5-72.5
  in call 'forall'
  in array comprehension expression
    with i = <expression>
    with j = <expression>
/home/soesteve/constraints/metamorphic_testing_constrints/experiments/benchmarks/Mutants/mut-A2DV-2.mzn:67.9-71.13
  in if-then-else expression
  in call 'exists'
  in array comprehension expression
    with r = <expression>
  in binary '>' operator expression
  in binary 'div' operator expression

Warning: undefined result becomes false in Boolean context
  (division by zero)
/home/soesteve/constraints/metamorphic_testing_constrints/experiments/benchmarks/Mutants/mut-A2DV-2.mzn:65.5-72.5
  in call 'forall'
  in array comprehension expression
    with i = <expression>
    with j = <expression>
/home/soesteve/constraints/metamorphic_testing_constrints/experiments/benchmarks/Mutants/mut-A2DV-2.mzn:67.9-71.13
  in if-then-else expression
  in call 'exists'
  in array comprehension expression
    with r = <expression>
  in binary '>' operator expression
  in binary 'div' operator expression

Warning: undefined result becomes false in Boolean context
  (division by zero)
/home/soesteve/constraints/metamorphic_testing_constrints/experiments/benchmarks/Mutants/mut-A2DV-2.mzn:65.5-72.5
  in call 'forall'
  in array comprehension expression
    with i = <expression>
    with j = <expression>
/home/soesteve/constraints/metamorphic_testing_constrints/experiments/benchmarks/Mutants/mut-A2DV-2.mzn:67.9-71.13
  in if-then-else expression
  in call 'exists'
  in array comprehension expression
    with r = <expression>
  in binary '>' operator expression
  in binary 'div' operator expression

Warning: undefined result becomes false in Boolean context
  (division by zero)
/home/soesteve/constraints/metamorphic_testing_constrints/experiments/benchmarks/Mutants/mut-A2DV-2.mzn:65.5-72.5
  in call 'forall'
  in array comprehension expression
    with i = <expression>
    with j = <expression>
/home/soesteve/constraints/metamorphic_testing_constrints/experiments/benchmarks/Mutants/mut-A2DV-2.mzn:67.9-71.13
  in if-then-else expression
  in call 'exists'
  in array comprehension expression
    with r = <expression>
  in binary '>' operator expression
  in binary 'div' operator expression

Warning: undefined result becomes false in Boolean context
  (division by zero)
/home/soesteve/constraints/metamorphic_testing_constrints/experiments/benchmarks/Mutants/mut-A2DV-2.mzn:65.5-72.5
  in call 'forall'
  in array comprehension expression
    with i = <expression>
    with j = <expression>
/home/soesteve/constraints/metamorphic_testing_constrints/experiments/benchmarks/Mutants/mut-A2DV-2.mzn:67.9-71.13
  in if-then-else expression
  in call 'exists'
  in array comprehension expression
    with r = <expression>
  in binary '>' operator expression
  in binary 'div' operator expression

Warning: undefined result becomes false in Boolean context
  (division by zero)
/home/soesteve/constraints/metamorphic_testing_constrints/experiments/benchmarks/Mutants/mut-A2DV-2.mzn:65.5-72.5
  in call 'forall'
  in array comprehension expression
    with i = <expression>
    with j = <expression>
/home/soesteve/constraints/metamorphic_testing_constrints/experiments/benchmarks/Mutants/mut-A2DV-2.mzn:67.9-71.13
  in if-then-else expression
  in call 'exists'
  in array comprehension expression
    with r = <expression>
  in binary '>' operator expression
  in binary 'div' operator expression

Warning: undefined result becomes false in Boolean context
  (division by zero)
/home/soesteve/constraints/metamorphic_testing_constrints/experiments/benchmarks/Mutants/mut-A2DV-2.mzn:65.5-72.5
  in call 'forall'
  in array comprehension expression
    with i = <expression>
    with j = <expression>
/home/soesteve/constraints/metamorphic_testing_constrints/experiments/benchmarks/Mutants/mut-A2DV-2.mzn:67.9-71.13
  in if-then-else expression
  in call 'exists'
  in array comprehension expression
    with r = <expression>
  in binary '>' operator expression
  in binary 'div' operator expression

Warning: undefined result becomes false in Boolean context
  (division by zero)
/home/soesteve/constraints/metamorphic_testing_constrints/experiments/benchmarks/Mutants/mut-A2DV-2.mzn:65.5-72.5
  in call 'forall'
  in array comprehension expression
    with i = <expression>
    with j = <expression>
/home/soesteve/constraints/metamorphic_testing_constrints/experiments/benchmarks/Mutants/mut-A2DV-2.mzn:67.9-71.13
  in if-then-else expression
  in call 'exists'
  in array comprehension expression
    with r = <expression>
  in binary '>' operator expression
  in binary 'div' operator expression

Warning: undefined result becomes false in Boolean context
  (division by zero)
/home/soesteve/constraints/metamorphic_testing_constrints/experiments/benchmarks/Mutants/mut-A2DV-2.mzn:65.5-72.5
  in call 'forall'
  in array comprehension expression
    with i = <expression>
    with j = <expression>
/home/soesteve/constraints/metamorphic_testing_constrints/experiments/benchmarks/Mutants/mut-A2DV-2.mzn:67.9-71.13
  in if-then-else expression
  in call 'exists'
  in array comprehension expression
    with r = <expression>
  in binary '>' operator expression
  in binary 'div' operator expression

Warning: undefined result becomes false in Boolean context
  (division by zero)
/home/soesteve/constraints/metamorphic_testing_constrints/experiments/benchmarks/Mutants/mut-A2DV-2.mzn:65.5-72.5
  in call 'forall'
  in array comprehension expression
    with i = <expression>
    with j = <expression>
/home/soesteve/constraints/metamorphic_testing_constrints/experiments/benchmarks/Mutants/mut-A2DV-2.mzn:67.9-71.13
  in if-then-else expression
  in call 'exists'
  in array comprehension expression
    with r = <expression>
  in binary '>' operator expression
  in binary 'div' operator expression

Warning: undefined result becomes false in Boolean context
  (division by zero)
/home/soesteve/constraints/metamorphic_testing_constrints/experiments/benchmarks/Mutants/mut-A2DV-2.mzn:65.5-72.5
  in call 'forall'
  in array comprehension expression
    with i = <expression>
    with j = <expression>
/home/soesteve/constraints/metamorphic_testing_constrints/experiments/benchmarks/Mutants/mut-A2DV-2.mzn:67.9-71.13
  in if-then-else expression
  in call 'exists'
  in array comprehension expression
    with r = <expression>
  in binary '>' operator expression
  in binary 'div' operator expression

Warning: undefined result becomes false in Boolean context
  (division by zero)
/home/soesteve/constraints/metamorphic_testing_constrints/experiments/benchmarks/Mutants/mut-A2DV-2.mzn:65.5-72.5
  in call 'forall'
  in array comprehension expression
    with i = <expression>
    with j = <expression>
/home/soesteve/constraints/metamorphic_testing_constrints/experiments/benchmarks/Mutants/mut-A2DV-2.mzn:67.9-71.13
  in if-then-else expression
  in call 'exists'
  in array comprehension expression
    with r = <expression>
  in binary '>' operator expression
  in binary 'div' operator expression

Warning: undefined result becomes false in Boolean context
  (division by zero)
/home/soesteve/constraints/metamorphic_testing_constrints/experiments/benchmarks/Mutants/mut-A2DV-2.mzn:65.5-72.5
  in call 'forall'
  in array comprehension expression
    with i = <expression>
    with j = <expression>
/home/soesteve/constraints/metamorphic_testing_constrints/experiments/benchmarks/Mutants/mut-A2DV-2.mzn:67.9-71.13
  in if-then-else expression
  in call 'exists'
  in array comprehension expression
    with r = <expression>
  in binary '>' operator expression
  in binary 'div' operator expression

Warning: undefined result becomes false in Boolean context
  (division by zero)
/home/soesteve/constraints/metamorphic_testing_constrints/experiments/benchmarks/Mutants/mut-A2DV-2.mzn:65.5-72.5
  in call 'forall'
  in array comprehension expression
    with i = <expression>
    with j = <expression>
/home/soesteve/constraints/metamorphic_testing_constrints/experiments/benchmarks/Mutants/mut-A2DV-2.mzn:67.9-71.13
  in if-then-else expression
  in call 'exists'
  in array comprehension expression
    with r = <expression>
  in binary '>' operator expression
  in binary 'div' operator expression

Warning: undefined result becomes false in Boolean context
  (division by zero)
/home/soesteve/constraints/metamorphic_testing_constrints/experiments/benchmarks/Mutants/mut-A2DV-2.mzn:65.5-72.5
  in call 'forall'
  in array comprehension expression
    with i = <expression>
    with j = <expression>
/home/soesteve/constraints/metamorphic_testing_constrints/experiments/benchmarks/Mutants/mut-A2DV-2.mzn:67.9-71.13
  in if-then-else expression
  in call 'exists'
  in array comprehension expression
    with r = <expression>
  in binary '>' operator expression
  in binary 'div' operator expression

Warning: undefined result becomes false in Boolean context
  (division by zero)
/home/soesteve/constraints/metamorphic_testing_constrints/experiments/benchmarks/Mutants/mut-A2DV-2.mzn:65.5-72.5
  in call 'forall'
  in array comprehension expression
    with i = <expression>
    with j = <expression>
/home/soesteve/constraints/metamorphic_testing_constrints/experiments/benchmarks/Mutants/mut-A2DV-2.mzn:67.9-71.13
  in if-then-else expression
  in call 'exists'
  in array comprehension expression
    with r = <expression>
  in binary '>' operator expression
  in binary 'div' operator expression

Warning: undefined result becomes false in Boolean context
  (division by zero)
/home/soesteve/constraints/metamorphic_testing_constrints/experiments/benchmarks/Mutants/mut-A2DV-2.mzn:65.5-72.5
  in call 'forall'
  in array comprehension expression
    with i = <expression>
    with j = <expression>
/home/soesteve/constraints/metamorphic_testing_constrints/experiments/benchmarks/Mutants/mut-A2DV-2.mzn:67.9-71.13
  in if-then-else expression
  in call 'exists'
  in array comprehension expression
    with r = <expression>
  in binary '>' operator expression
  in binary 'div' operator expression

Warning: undefined result becomes false in Boolean context
  (division by zero)
/home/soesteve/constraints/metamorphic_testing_constrints/experiments/benchmarks/Mutants/mut-A2DV-2.mzn:65.5-72.5
  in call 'forall'
  in array comprehension expression
    with i = <expression>
    with j = <expression>
/home/soesteve/constraints/metamorphic_testing_constrints/experiments/benchmarks/Mutants/mut-A2DV-2.mzn:67.9-71.13
  in if-then-else expression
  in call 'exists'
  in array comprehension expression
    with r = <expression>
  in binary '>' operator expression
  in binary 'div' operator expression

Warning: undefined result becomes false in Boolean context
  (division by zero)
/home/soesteve/constraints/metamorphic_testing_constrints/experiments/benchmarks/Mutants/mut-A2DV-2.mzn:65.5-72.5
  in call 'forall'
  in array comprehension expression
    with i = <expression>
    with j = <expression>
/home/soesteve/constraints/metamorphic_testing_constrints/experiments/benchmarks/Mutants/mut-A2DV-2.mzn:67.9-71.13
  in if-then-else expression
  in call 'exists'
  in array comprehension expression
    with r = <expression>
  in binary '>' operator expression
  in binary 'div' operator expression

Warning: Further warnings have been suppressed.

Start times = [0, 0, 0, 7, 7, 22, 9, 9, 15, 7, 30, 15, 13, 30, 11, 31, 33, 24, 33, 40, 40, 30, 41, 37, 7, 44, 24, 52, 50, 44]
makespan = 59
----------
==========
OK
total time: 0.21639922400936484 ms
OK
