/opt/minizinc/current/bin/minizinc benchmarks/data/data_psplib_follow_ups/M1/j30/J30_11_4_fu_all_prec.dzn benchmarks/Mutants/mut-A2DV-2.mzn
Warning: undefined result becomes false in Boolean context
  (division by zero)
/home/soesteve/constraints/metamorphic_testing_constrints/experiments/benchmarks/Mutants/mut-A2DV-2.mzn:65.5-72.5
  in call 'forall'
  in array comprehension expression
    with i = <expression>
    with j = <expression>
/home/soesteve/constraints/metamorphic_testing_constrints/experiments/benchmarks/Mutants/mut-A2DV-2.mzn:67.9-71.13
  in if-then-else expression
  in call 'exists'
  in array comprehension expression
    with r = <expression>
  in binary '>' operator expression
  in binary 'div' operator expression

Warning: undefined result becomes false in Boolean context
  (division by zero)
/home/soesteve/constraints/metamorphic_testing_constrints/experiments/benchmarks/Mutants/mut-A2DV-2.mzn:65.5-72.5
  in call 'forall'
  in array comprehension expression
    with i = <expression>
    with j = <expression>
/home/soesteve/constraints/metamorphic_testing_constrints/experiments/benchmarks/Mutants/mut-A2DV-2.mzn:67.9-71.13
  in if-then-else expression
  in call 'exists'
  in array comprehension expression
    with r = <expression>
  in binary '>' operator expression
  in binary 'div' operator expression

Warning: undefined result becomes false in Boolean context
  (division by zero)
/home/soesteve/constraints/metamorphic_testing_constrints/experiments/benchmarks/Mutants/mut-A2DV-2.mzn:65.5-72.5
  in call 'forall'
  in array comprehension expression
    with i = <expression>
    with j = <expression>
/home/soesteve/constraints/metamorphic_testing_constrints/experiments/benchmarks/Mutants/mut-A2DV-2.mzn:67.9-71.13
  in if-then-else expression
  in call 'exists'
  in array comprehension expression
    with r = <expression>
  in binary '>' operator expression
  in binary 'div' operator expression

Warning: undefined result becomes false in Boolean context
  (division by zero)
/home/soesteve/constraints/metamorphic_testing_constrints/experiments/benchmarks/Mutants/mut-A2DV-2.mzn:65.5-72.5
  in call 'forall'
  in array comprehension expression
    with i = <expression>
    with j = <expression>
/home/soesteve/constraints/metamorphic_testing_constrints/experiments/benchmarks/Mutants/mut-A2DV-2.mzn:67.9-71.13
  in if-then-else expression
  in call 'exists'
  in array comprehension expression
    with r = <expression>
  in binary '>' operator expression
  in binary 'div' operator expression

Warning: undefined result becomes false in Boolean context
  (division by zero)
/home/soesteve/constraints/metamorphic_testing_constrints/experiments/benchmarks/Mutants/mut-A2DV-2.mzn:65.5-72.5
  in call 'forall'
  in array comprehension expression
    with i = <expression>
    with j = <expression>
/home/soesteve/constraints/metamorphic_testing_constrints/experiments/benchmarks/Mutants/mut-A2DV-2.mzn:67.9-71.13
  in if-then-else expression
  in call 'exists'
  in array comprehension expression
    with r = <expression>
  in binary '>' operator expression
  in binary 'div' operator expression

Warning: undefined result becomes false in Boolean context
  (division by zero)
/home/soesteve/constraints/metamorphic_testing_constrints/experiments/benchmarks/Mutants/mut-A2DV-2.mzn:65.5-72.5
  in call 'forall'
  in array comprehension expression
    with i = <expression>
    with j = <expression>
/home/soesteve/constraints/metamorphic_testing_constrints/experiments/benchmarks/Mutants/mut-A2DV-2.mzn:67.9-71.13
  in if-then-else expression
  in call 'exists'
  in array comprehension expression
    with r = <expression>
  in binary '>' operator expression
  in binary 'div' operator expression

Warning: undefined result becomes false in Boolean context
  (division by zero)
/home/soesteve/constraints/metamorphic_testing_constrints/experiments/benchmarks/Mutants/mut-A2DV-2.mzn:65.5-72.5
  in call 'forall'
  in array comprehension expression
    with i = <expression>
    with j = <expression>
/home/soesteve/constraints/metamorphic_testing_constrints/experiments/benchmarks/Mutants/mut-A2DV-2.mzn:67.9-71.13
  in if-then-else expression
  in call 'exists'
  in array comprehension expression
    with r = <expression>
  in binary '>' operator expression
  in binary 'div' operator expression

Warning: undefined result becomes false in Boolean context
  (division by zero)
/home/soesteve/constraints/metamorphic_testing_constrints/experiments/benchmarks/Mutants/mut-A2DV-2.mzn:65.5-72.5
  in call 'forall'
  in array comprehension expression
    with i = <expression>
    with j = <expression>
/home/soesteve/constraints/metamorphic_testing_constrints/experiments/benchmarks/Mutants/mut-A2DV-2.mzn:67.9-71.13
  in if-then-else expression
  in call 'exists'
  in array comprehension expression
    with r = <expression>
  in binary '>' operator expression
  in binary 'div' operator expression

Warning: undefined result becomes false in Boolean context
  (division by zero)
/home/soesteve/constraints/metamorphic_testing_constrints/experiments/benchmarks/Mutants/mut-A2DV-2.mzn:65.5-72.5
  in call 'forall'
  in array comprehension expression
    with i = <expression>
    with j = <expression>
/home/soesteve/constraints/metamorphic_testing_constrints/experiments/benchmarks/Mutants/mut-A2DV-2.mzn:67.9-71.13
  in if-then-else expression
  in call 'exists'
  in array comprehension expression
    with r = <expression>
  in binary '>' operator expression
  in binary 'div' operator expression

Warning: undefined result becomes false in Boolean context
  (division by zero)
/home/soesteve/constraints/metamorphic_testing_constrints/experiments/benchmarks/Mutants/mut-A2DV-2.mzn:65.5-72.5
  in call 'forall'
  in array comprehension expression
    with i = <expression>
    with j = <expression>
/home/soesteve/constraints/metamorphic_testing_constrints/experiments/benchmarks/Mutants/mut-A2DV-2.mzn:67.9-71.13
  in if-then-else expression
  in call 'exists'
  in array comprehension expression
    with r = <expression>
  in binary '>' operator expression
  in binary 'div' operator expression

Warning: undefined result becomes false in Boolean context
  (division by zero)
/home/soesteve/constraints/metamorphic_testing_constrints/experiments/benchmarks/Mutants/mut-A2DV-2.mzn:65.5-72.5
  in call 'forall'
  in array comprehension expression
    with i = <expression>
    with j = <expression>
/home/soesteve/constraints/metamorphic_testing_constrints/experiments/benchmarks/Mutants/mut-A2DV-2.mzn:67.9-71.13
  in if-then-else expression
  in call 'exists'
  in array comprehension expression
    with r = <expression>
  in binary '>' operator expression
  in binary 'div' operator expression

Warning: undefined result becomes false in Boolean context
  (division by zero)
/home/soesteve/constraints/metamorphic_testing_constrints/experiments/benchmarks/Mutants/mut-A2DV-2.mzn:65.5-72.5
  in call 'forall'
  in array comprehension expression
    with i = <expression>
    with j = <expression>
/home/soesteve/constraints/metamorphic_testing_constrints/experiments/benchmarks/Mutants/mut-A2DV-2.mzn:67.9-71.13
  in if-then-else expression
  in call 'exists'
  in array comprehension expression
    with r = <expression>
  in binary '>' operator expression
  in binary 'div' operator expression

Warning: undefined result becomes false in Boolean context
  (division by zero)
/home/soesteve/constraints/metamorphic_testing_constrints/experiments/benchmarks/Mutants/mut-A2DV-2.mzn:65.5-72.5
  in call 'forall'
  in array comprehension expression
    with i = <expression>
    with j = <expression>
/home/soesteve/constraints/metamorphic_testing_constrints/experiments/benchmarks/Mutants/mut-A2DV-2.mzn:67.9-71.13
  in if-then-else expression
  in call 'exists'
  in array comprehension expression
    with r = <expression>
  in binary '>' operator expression
  in binary 'div' operator expression

Warning: undefined result becomes false in Boolean context
  (division by zero)
/home/soesteve/constraints/metamorphic_testing_constrints/experiments/benchmarks/Mutants/mut-A2DV-2.mzn:65.5-72.5
  in call 'forall'
  in array comprehension expression
    with i = <expression>
    with j = <expression>
/home/soesteve/constraints/metamorphic_testing_constrints/experiments/benchmarks/Mutants/mut-A2DV-2.mzn:67.9-71.13
  in if-then-else expression
  in call 'exists'
  in array comprehension expression
    with r = <expression>
  in binary '>' operator expression
  in binary 'div' operator expression

Warning: undefined result becomes false in Boolean context
  (division by zero)
/home/soesteve/constraints/metamorphic_testing_constrints/experiments/benchmarks/Mutants/mut-A2DV-2.mzn:65.5-72.5
  in call 'forall'
  in array comprehension expression
    with i = <expression>
    with j = <expression>
/home/soesteve/constraints/metamorphic_testing_constrints/experiments/benchmarks/Mutants/mut-A2DV-2.mzn:67.9-71.13
  in if-then-else expression
  in call 'exists'
  in array comprehension expression
    with r = <expression>
  in binary '>' operator expression
  in binary 'div' operator expression

Warning: undefined result becomes false in Boolean context
  (division by zero)
/home/soesteve/constraints/metamorphic_testing_constrints/experiments/benchmarks/Mutants/mut-A2DV-2.mzn:65.5-72.5
  in call 'forall'
  in array comprehension expression
    with i = <expression>
    with j = <expression>
/home/soesteve/constraints/metamorphic_testing_constrints/experiments/benchmarks/Mutants/mut-A2DV-2.mzn:67.9-71.13
  in if-then-else expression
  in call 'exists'
  in array comprehension expression
    with r = <expression>
  in binary '>' operator expression
  in binary 'div' operator expression

Warning: undefined result becomes false in Boolean context
  (division by zero)
/home/soesteve/constraints/metamorphic_testing_constrints/experiments/benchmarks/Mutants/mut-A2DV-2.mzn:65.5-72.5
  in call 'forall'
  in array comprehension expression
    with i = <expression>
    with j = <expression>
/home/soesteve/constraints/metamorphic_testing_constrints/experiments/benchmarks/Mutants/mut-A2DV-2.mzn:67.9-71.13
  in if-then-else expression
  in call 'exists'
  in array comprehension expression
    with r = <expression>
  in binary '>' operator expression
  in binary 'div' operator expression

Warning: undefined result becomes false in Boolean context
  (division by zero)
/home/soesteve/constraints/metamorphic_testing_constrints/experiments/benchmarks/Mutants/mut-A2DV-2.mzn:65.5-72.5
  in call 'forall'
  in array comprehension expression
    with i = <expression>
    with j = <expression>
/home/soesteve/constraints/metamorphic_testing_constrints/experiments/benchmarks/Mutants/mut-A2DV-2.mzn:67.9-71.13
  in if-then-else expression
  in call 'exists'
  in array comprehension expression
    with r = <expression>
  in binary '>' operator expression
  in binary 'div' operator expression

Warning: undefined result becomes false in Boolean context
  (division by zero)
/home/soesteve/constraints/metamorphic_testing_constrints/experiments/benchmarks/Mutants/mut-A2DV-2.mzn:65.5-72.5
  in call 'forall'
  in array comprehension expression
    with i = <expression>
    with j = <expression>
/home/soesteve/constraints/metamorphic_testing_constrints/experiments/benchmarks/Mutants/mut-A2DV-2.mzn:67.9-71.13
  in if-then-else expression
  in call 'exists'
  in array comprehension expression
    with r = <expression>
  in binary '>' operator expression
  in binary 'div' operator expression

Warning: undefined result becomes false in Boolean context
  (division by zero)
/home/soesteve/constraints/metamorphic_testing_constrints/experiments/benchmarks/Mutants/mut-A2DV-2.mzn:65.5-72.5
  in call 'forall'
  in array comprehension expression
    with i = <expression>
    with j = <expression>
/home/soesteve/constraints/metamorphic_testing_constrints/experiments/benchmarks/Mutants/mut-A2DV-2.mzn:67.9-71.13
  in if-then-else expression
  in call 'exists'
  in array comprehension expression
    with r = <expression>
  in binary '>' operator expression
  in binary 'div' operator expression

Warning: Further warnings have been suppressed.

Start times = [0, 2, 10, 18, 28, 36, 43, 50, 51, 60, 67, 74, 83, 88, 93, 94, 103, 106, 116, 125, 128, 134, 144, 152, 162, 166, 167, 168, 177, 187]
makespan = 191
----------
==========
OK
total time: 0.21729240892454982 ms
OK
