/opt/minizinc/current/bin/minizinc benchmarks/data/data_psplib_follow_ups/M4/j30/J30_35_5_fu_rc_4.dzn benchmarks/Mutants/mut-A2DV-2.mzn
Warning: undefined result becomes false in Boolean context
  (division by zero)
/home/soesteve/constraints/metamorphic_testing_constrints/experiments/benchmarks/Mutants/mut-A2DV-2.mzn:65.5-72.5
  in call 'forall'
  in array comprehension expression
    with i = <expression>
    with j = <expression>
/home/soesteve/constraints/metamorphic_testing_constrints/experiments/benchmarks/Mutants/mut-A2DV-2.mzn:67.9-71.13
  in if-then-else expression
  in call 'exists'
  in array comprehension expression
    with r = <expression>
  in binary '>' operator expression
  in binary 'div' operator expression

Warning: undefined result becomes false in Boolean context
  (division by zero)
/home/soesteve/constraints/metamorphic_testing_constrints/experiments/benchmarks/Mutants/mut-A2DV-2.mzn:65.5-72.5
  in call 'forall'
  in array comprehension expression
    with i = <expression>
    with j = <expression>
/home/soesteve/constraints/metamorphic_testing_constrints/experiments/benchmarks/Mutants/mut-A2DV-2.mzn:67.9-71.13
  in if-then-else expression
  in call 'exists'
  in array comprehension expression
    with r = <expression>
  in binary '>' operator expression
  in binary 'div' operator expression

Warning: undefined result becomes false in Boolean context
  (division by zero)
/home/soesteve/constraints/metamorphic_testing_constrints/experiments/benchmarks/Mutants/mut-A2DV-2.mzn:65.5-72.5
  in call 'forall'
  in array comprehension expression
    with i = <expression>
    with j = <expression>
/home/soesteve/constraints/metamorphic_testing_constrints/experiments/benchmarks/Mutants/mut-A2DV-2.mzn:67.9-71.13
  in if-then-else expression
  in call 'exists'
  in array comprehension expression
    with r = <expression>
  in binary '>' operator expression
  in binary 'div' operator expression

Warning: undefined result becomes false in Boolean context
  (division by zero)
/home/soesteve/constraints/metamorphic_testing_constrints/experiments/benchmarks/Mutants/mut-A2DV-2.mzn:65.5-72.5
  in call 'forall'
  in array comprehension expression
    with i = <expression>
    with j = <expression>
/home/soesteve/constraints/metamorphic_testing_constrints/experiments/benchmarks/Mutants/mut-A2DV-2.mzn:67.9-71.13
  in if-then-else expression
  in call 'exists'
  in array comprehension expression
    with r = <expression>
  in binary '>' operator expression
  in binary 'div' operator expression

Warning: undefined result becomes false in Boolean context
  (division by zero)
/home/soesteve/constraints/metamorphic_testing_constrints/experiments/benchmarks/Mutants/mut-A2DV-2.mzn:65.5-72.5
  in call 'forall'
  in array comprehension expression
    with i = <expression>
    with j = <expression>
/home/soesteve/constraints/metamorphic_testing_constrints/experiments/benchmarks/Mutants/mut-A2DV-2.mzn:67.9-71.13
  in if-then-else expression
  in call 'exists'
  in array comprehension expression
    with r = <expression>
  in binary '>' operator expression
  in binary 'div' operator expression

Warning: undefined result becomes false in Boolean context
  (division by zero)
/home/soesteve/constraints/metamorphic_testing_constrints/experiments/benchmarks/Mutants/mut-A2DV-2.mzn:65.5-72.5
  in call 'forall'
  in array comprehension expression
    with i = <expression>
    with j = <expression>
/home/soesteve/constraints/metamorphic_testing_constrints/experiments/benchmarks/Mutants/mut-A2DV-2.mzn:67.9-71.13
  in if-then-else expression
  in call 'exists'
  in array comprehension expression
    with r = <expression>
  in binary '>' operator expression
  in binary 'div' operator expression

Warning: undefined result becomes false in Boolean context
  (division by zero)
/home/soesteve/constraints/metamorphic_testing_constrints/experiments/benchmarks/Mutants/mut-A2DV-2.mzn:65.5-72.5
  in call 'forall'
  in array comprehension expression
    with i = <expression>
    with j = <expression>
/home/soesteve/constraints/metamorphic_testing_constrints/experiments/benchmarks/Mutants/mut-A2DV-2.mzn:67.9-71.13
  in if-then-else expression
  in call 'exists'
  in array comprehension expression
    with r = <expression>
  in binary '>' operator expression
  in binary 'div' operator expression

Warning: undefined result becomes false in Boolean context
  (division by zero)
/home/soesteve/constraints/metamorphic_testing_constrints/experiments/benchmarks/Mutants/mut-A2DV-2.mzn:65.5-72.5
  in call 'forall'
  in array comprehension expression
    with i = <expression>
    with j = <expression>
/home/soesteve/constraints/metamorphic_testing_constrints/experiments/benchmarks/Mutants/mut-A2DV-2.mzn:67.9-71.13
  in if-then-else expression
  in call 'exists'
  in array comprehension expression
    with r = <expression>
  in binary '>' operator expression
  in binary 'div' operator expression

Warning: undefined result becomes false in Boolean context
  (division by zero)
/home/soesteve/constraints/metamorphic_testing_constrints/experiments/benchmarks/Mutants/mut-A2DV-2.mzn:65.5-72.5
  in call 'forall'
  in array comprehension expression
    with i = <expression>
    with j = <expression>
/home/soesteve/constraints/metamorphic_testing_constrints/experiments/benchmarks/Mutants/mut-A2DV-2.mzn:67.9-71.13
  in if-then-else expression
  in call 'exists'
  in array comprehension expression
    with r = <expression>
  in binary '>' operator expression
  in binary 'div' operator expression

Warning: undefined result becomes false in Boolean context
  (division by zero)
/home/soesteve/constraints/metamorphic_testing_constrints/experiments/benchmarks/Mutants/mut-A2DV-2.mzn:65.5-72.5
  in call 'forall'
  in array comprehension expression
    with i = <expression>
    with j = <expression>
/home/soesteve/constraints/metamorphic_testing_constrints/experiments/benchmarks/Mutants/mut-A2DV-2.mzn:67.9-71.13
  in if-then-else expression
  in call 'exists'
  in array comprehension expression
    with r = <expression>
  in binary '>' operator expression
  in binary 'div' operator expression

Warning: undefined result becomes false in Boolean context
  (division by zero)
/home/soesteve/constraints/metamorphic_testing_constrints/experiments/benchmarks/Mutants/mut-A2DV-2.mzn:65.5-72.5
  in call 'forall'
  in array comprehension expression
    with i = <expression>
    with j = <expression>
/home/soesteve/constraints/metamorphic_testing_constrints/experiments/benchmarks/Mutants/mut-A2DV-2.mzn:67.9-71.13
  in if-then-else expression
  in call 'exists'
  in array comprehension expression
    with r = <expression>
  in binary '>' operator expression
  in binary 'div' operator expression

Warning: undefined result becomes false in Boolean context
  (division by zero)
/home/soesteve/constraints/metamorphic_testing_constrints/experiments/benchmarks/Mutants/mut-A2DV-2.mzn:65.5-72.5
  in call 'forall'
  in array comprehension expression
    with i = <expression>
    with j = <expression>
/home/soesteve/constraints/metamorphic_testing_constrints/experiments/benchmarks/Mutants/mut-A2DV-2.mzn:67.9-71.13
  in if-then-else expression
  in call 'exists'
  in array comprehension expression
    with r = <expression>
  in binary '>' operator expression
  in binary 'div' operator expression

Warning: undefined result becomes false in Boolean context
  (division by zero)
/home/soesteve/constraints/metamorphic_testing_constrints/experiments/benchmarks/Mutants/mut-A2DV-2.mzn:65.5-72.5
  in call 'forall'
  in array comprehension expression
    with i = <expression>
    with j = <expression>
/home/soesteve/constraints/metamorphic_testing_constrints/experiments/benchmarks/Mutants/mut-A2DV-2.mzn:67.9-71.13
  in if-then-else expression
  in call 'exists'
  in array comprehension expression
    with r = <expression>
  in binary '>' operator expression
  in binary 'div' operator expression

Warning: undefined result becomes false in Boolean context
  (division by zero)
/home/soesteve/constraints/metamorphic_testing_constrints/experiments/benchmarks/Mutants/mut-A2DV-2.mzn:65.5-72.5
  in call 'forall'
  in array comprehension expression
    with i = <expression>
    with j = <expression>
/home/soesteve/constraints/metamorphic_testing_constrints/experiments/benchmarks/Mutants/mut-A2DV-2.mzn:67.9-71.13
  in if-then-else expression
  in call 'exists'
  in array comprehension expression
    with r = <expression>
  in binary '>' operator expression
  in binary 'div' operator expression

Warning: undefined result becomes false in Boolean context
  (division by zero)
/home/soesteve/constraints/metamorphic_testing_constrints/experiments/benchmarks/Mutants/mut-A2DV-2.mzn:65.5-72.5
  in call 'forall'
  in array comprehension expression
    with i = <expression>
    with j = <expression>
/home/soesteve/constraints/metamorphic_testing_constrints/experiments/benchmarks/Mutants/mut-A2DV-2.mzn:67.9-71.13
  in if-then-else expression
  in call 'exists'
  in array comprehension expression
    with r = <expression>
  in binary '>' operator expression
  in binary 'div' operator expression

Warning: undefined result becomes false in Boolean context
  (division by zero)
/home/soesteve/constraints/metamorphic_testing_constrints/experiments/benchmarks/Mutants/mut-A2DV-2.mzn:65.5-72.5
  in call 'forall'
  in array comprehension expression
    with i = <expression>
    with j = <expression>
/home/soesteve/constraints/metamorphic_testing_constrints/experiments/benchmarks/Mutants/mut-A2DV-2.mzn:67.9-71.13
  in if-then-else expression
  in call 'exists'
  in array comprehension expression
    with r = <expression>
  in binary '>' operator expression
  in binary 'div' operator expression

Warning: undefined result becomes false in Boolean context
  (division by zero)
/home/soesteve/constraints/metamorphic_testing_constrints/experiments/benchmarks/Mutants/mut-A2DV-2.mzn:65.5-72.5
  in call 'forall'
  in array comprehension expression
    with i = <expression>
    with j = <expression>
/home/soesteve/constraints/metamorphic_testing_constrints/experiments/benchmarks/Mutants/mut-A2DV-2.mzn:67.9-71.13
  in if-then-else expression
  in call 'exists'
  in array comprehension expression
    with r = <expression>
  in binary '>' operator expression
  in binary 'div' operator expression

Warning: undefined result becomes false in Boolean context
  (division by zero)
/home/soesteve/constraints/metamorphic_testing_constrints/experiments/benchmarks/Mutants/mut-A2DV-2.mzn:65.5-72.5
  in call 'forall'
  in array comprehension expression
    with i = <expression>
    with j = <expression>
/home/soesteve/constraints/metamorphic_testing_constrints/experiments/benchmarks/Mutants/mut-A2DV-2.mzn:67.9-71.13
  in if-then-else expression
  in call 'exists'
  in array comprehension expression
    with r = <expression>
  in binary '>' operator expression
  in binary 'div' operator expression

Warning: undefined result becomes false in Boolean context
  (division by zero)
/home/soesteve/constraints/metamorphic_testing_constrints/experiments/benchmarks/Mutants/mut-A2DV-2.mzn:65.5-72.5
  in call 'forall'
  in array comprehension expression
    with i = <expression>
    with j = <expression>
/home/soesteve/constraints/metamorphic_testing_constrints/experiments/benchmarks/Mutants/mut-A2DV-2.mzn:67.9-71.13
  in if-then-else expression
  in call 'exists'
  in array comprehension expression
    with r = <expression>
  in binary '>' operator expression
  in binary 'div' operator expression

Warning: undefined result becomes false in Boolean context
  (division by zero)
/home/soesteve/constraints/metamorphic_testing_constrints/experiments/benchmarks/Mutants/mut-A2DV-2.mzn:65.5-72.5
  in call 'forall'
  in array comprehension expression
    with i = <expression>
    with j = <expression>
/home/soesteve/constraints/metamorphic_testing_constrints/experiments/benchmarks/Mutants/mut-A2DV-2.mzn:67.9-71.13
  in if-then-else expression
  in call 'exists'
  in array comprehension expression
    with r = <expression>
  in binary '>' operator expression
  in binary 'div' operator expression

Warning: Further warnings have been suppressed.

Start times = [6, 0, 0, 8, 8, 8, 12, 6, 13, 13, 23, 20, 23, 12, 24, 24, 28, 23, 32, 34, 34, 32, 40, 40, 15, 40, 20, 50, 41, 37]
makespan = 60
----------
==========
OK
total time: 0.21647096099331975 ms
OK
