/opt/minizinc/current/bin/minizinc benchmarks/data/data_psplib_follow_ups/M1/j30/J30_7_1_fu_all_prec.dzn benchmarks/Mutants/mut-A2DV-2.mzn
Warning: undefined result becomes false in Boolean context
  (division by zero)
/home/soesteve/constraints/metamorphic_testing_constrints/experiments/benchmarks/Mutants/mut-A2DV-2.mzn:65.5-72.5
  in call 'forall'
  in array comprehension expression
    with i = <expression>
    with j = <expression>
/home/soesteve/constraints/metamorphic_testing_constrints/experiments/benchmarks/Mutants/mut-A2DV-2.mzn:67.9-71.13
  in if-then-else expression
  in call 'exists'
  in array comprehension expression
    with r = <expression>
  in binary '>' operator expression
  in binary 'div' operator expression

Warning: undefined result becomes false in Boolean context
  (division by zero)
/home/soesteve/constraints/metamorphic_testing_constrints/experiments/benchmarks/Mutants/mut-A2DV-2.mzn:65.5-72.5
  in call 'forall'
  in array comprehension expression
    with i = <expression>
    with j = <expression>
/home/soesteve/constraints/metamorphic_testing_constrints/experiments/benchmarks/Mutants/mut-A2DV-2.mzn:67.9-71.13
  in if-then-else expression
  in call 'exists'
  in array comprehension expression
    with r = <expression>
  in binary '>' operator expression
  in binary 'div' operator expression

Warning: undefined result becomes false in Boolean context
  (division by zero)
/home/soesteve/constraints/metamorphic_testing_constrints/experiments/benchmarks/Mutants/mut-A2DV-2.mzn:65.5-72.5
  in call 'forall'
  in array comprehension expression
    with i = <expression>
    with j = <expression>
/home/soesteve/constraints/metamorphic_testing_constrints/experiments/benchmarks/Mutants/mut-A2DV-2.mzn:67.9-71.13
  in if-then-else expression
  in call 'exists'
  in array comprehension expression
    with r = <expression>
  in binary '>' operator expression
  in binary 'div' operator expression

Warning: undefined result becomes false in Boolean context
  (division by zero)
/home/soesteve/constraints/metamorphic_testing_constrints/experiments/benchmarks/Mutants/mut-A2DV-2.mzn:65.5-72.5
  in call 'forall'
  in array comprehension expression
    with i = <expression>
    with j = <expression>
/home/soesteve/constraints/metamorphic_testing_constrints/experiments/benchmarks/Mutants/mut-A2DV-2.mzn:67.9-71.13
  in if-then-else expression
  in call 'exists'
  in array comprehension expression
    with r = <expression>
  in binary '>' operator expression
  in binary 'div' operator expression

Warning: undefined result becomes false in Boolean context
  (division by zero)
/home/soesteve/constraints/metamorphic_testing_constrints/experiments/benchmarks/Mutants/mut-A2DV-2.mzn:65.5-72.5
  in call 'forall'
  in array comprehension expression
    with i = <expression>
    with j = <expression>
/home/soesteve/constraints/metamorphic_testing_constrints/experiments/benchmarks/Mutants/mut-A2DV-2.mzn:67.9-71.13
  in if-then-else expression
  in call 'exists'
  in array comprehension expression
    with r = <expression>
  in binary '>' operator expression
  in binary 'div' operator expression

Warning: undefined result becomes false in Boolean context
  (division by zero)
/home/soesteve/constraints/metamorphic_testing_constrints/experiments/benchmarks/Mutants/mut-A2DV-2.mzn:65.5-72.5
  in call 'forall'
  in array comprehension expression
    with i = <expression>
    with j = <expression>
/home/soesteve/constraints/metamorphic_testing_constrints/experiments/benchmarks/Mutants/mut-A2DV-2.mzn:67.9-71.13
  in if-then-else expression
  in call 'exists'
  in array comprehension expression
    with r = <expression>
  in binary '>' operator expression
  in binary 'div' operator expression

Warning: undefined result becomes false in Boolean context
  (division by zero)
/home/soesteve/constraints/metamorphic_testing_constrints/experiments/benchmarks/Mutants/mut-A2DV-2.mzn:65.5-72.5
  in call 'forall'
  in array comprehension expression
    with i = <expression>
    with j = <expression>
/home/soesteve/constraints/metamorphic_testing_constrints/experiments/benchmarks/Mutants/mut-A2DV-2.mzn:67.9-71.13
  in if-then-else expression
  in call 'exists'
  in array comprehension expression
    with r = <expression>
  in binary '>' operator expression
  in binary 'div' operator expression

Warning: undefined result becomes false in Boolean context
  (division by zero)
/home/soesteve/constraints/metamorphic_testing_constrints/experiments/benchmarks/Mutants/mut-A2DV-2.mzn:65.5-72.5
  in call 'forall'
  in array comprehension expression
    with i = <expression>
    with j = <expression>
/home/soesteve/constraints/metamorphic_testing_constrints/experiments/benchmarks/Mutants/mut-A2DV-2.mzn:67.9-71.13
  in if-then-else expression
  in call 'exists'
  in array comprehension expression
    with r = <expression>
  in binary '>' operator expression
  in binary 'div' operator expression

Warning: undefined result becomes false in Boolean context
  (division by zero)
/home/soesteve/constraints/metamorphic_testing_constrints/experiments/benchmarks/Mutants/mut-A2DV-2.mzn:65.5-72.5
  in call 'forall'
  in array comprehension expression
    with i = <expression>
    with j = <expression>
/home/soesteve/constraints/metamorphic_testing_constrints/experiments/benchmarks/Mutants/mut-A2DV-2.mzn:67.9-71.13
  in if-then-else expression
  in call 'exists'
  in array comprehension expression
    with r = <expression>
  in binary '>' operator expression
  in binary 'div' operator expression

Warning: undefined result becomes false in Boolean context
  (division by zero)
/home/soesteve/constraints/metamorphic_testing_constrints/experiments/benchmarks/Mutants/mut-A2DV-2.mzn:65.5-72.5
  in call 'forall'
  in array comprehension expression
    with i = <expression>
    with j = <expression>
/home/soesteve/constraints/metamorphic_testing_constrints/experiments/benchmarks/Mutants/mut-A2DV-2.mzn:67.9-71.13
  in if-then-else expression
  in call 'exists'
  in array comprehension expression
    with r = <expression>
  in binary '>' operator expression
  in binary 'div' operator expression

Warning: undefined result becomes false in Boolean context
  (division by zero)
/home/soesteve/constraints/metamorphic_testing_constrints/experiments/benchmarks/Mutants/mut-A2DV-2.mzn:65.5-72.5
  in call 'forall'
  in array comprehension expression
    with i = <expression>
    with j = <expression>
/home/soesteve/constraints/metamorphic_testing_constrints/experiments/benchmarks/Mutants/mut-A2DV-2.mzn:67.9-71.13
  in if-then-else expression
  in call 'exists'
  in array comprehension expression
    with r = <expression>
  in binary '>' operator expression
  in binary 'div' operator expression

Warning: undefined result becomes false in Boolean context
  (division by zero)
/home/soesteve/constraints/metamorphic_testing_constrints/experiments/benchmarks/Mutants/mut-A2DV-2.mzn:65.5-72.5
  in call 'forall'
  in array comprehension expression
    with i = <expression>
    with j = <expression>
/home/soesteve/constraints/metamorphic_testing_constrints/experiments/benchmarks/Mutants/mut-A2DV-2.mzn:67.9-71.13
  in if-then-else expression
  in call 'exists'
  in array comprehension expression
    with r = <expression>
  in binary '>' operator expression
  in binary 'div' operator expression

Warning: undefined result becomes false in Boolean context
  (division by zero)
/home/soesteve/constraints/metamorphic_testing_constrints/experiments/benchmarks/Mutants/mut-A2DV-2.mzn:65.5-72.5
  in call 'forall'
  in array comprehension expression
    with i = <expression>
    with j = <expression>
/home/soesteve/constraints/metamorphic_testing_constrints/experiments/benchmarks/Mutants/mut-A2DV-2.mzn:67.9-71.13
  in if-then-else expression
  in call 'exists'
  in array comprehension expression
    with r = <expression>
  in binary '>' operator expression
  in binary 'div' operator expression

Warning: undefined result becomes false in Boolean context
  (division by zero)
/home/soesteve/constraints/metamorphic_testing_constrints/experiments/benchmarks/Mutants/mut-A2DV-2.mzn:65.5-72.5
  in call 'forall'
  in array comprehension expression
    with i = <expression>
    with j = <expression>
/home/soesteve/constraints/metamorphic_testing_constrints/experiments/benchmarks/Mutants/mut-A2DV-2.mzn:67.9-71.13
  in if-then-else expression
  in call 'exists'
  in array comprehension expression
    with r = <expression>
  in binary '>' operator expression
  in binary 'div' operator expression

Warning: undefined result becomes false in Boolean context
  (division by zero)
/home/soesteve/constraints/metamorphic_testing_constrints/experiments/benchmarks/Mutants/mut-A2DV-2.mzn:65.5-72.5
  in call 'forall'
  in array comprehension expression
    with i = <expression>
    with j = <expression>
/home/soesteve/constraints/metamorphic_testing_constrints/experiments/benchmarks/Mutants/mut-A2DV-2.mzn:67.9-71.13
  in if-then-else expression
  in call 'exists'
  in array comprehension expression
    with r = <expression>
  in binary '>' operator expression
  in binary 'div' operator expression

Warning: undefined result becomes false in Boolean context
  (division by zero)
/home/soesteve/constraints/metamorphic_testing_constrints/experiments/benchmarks/Mutants/mut-A2DV-2.mzn:65.5-72.5
  in call 'forall'
  in array comprehension expression
    with i = <expression>
    with j = <expression>
/home/soesteve/constraints/metamorphic_testing_constrints/experiments/benchmarks/Mutants/mut-A2DV-2.mzn:67.9-71.13
  in if-then-else expression
  in call 'exists'
  in array comprehension expression
    with r = <expression>
  in binary '>' operator expression
  in binary 'div' operator expression

Warning: undefined result becomes false in Boolean context
  (division by zero)
/home/soesteve/constraints/metamorphic_testing_constrints/experiments/benchmarks/Mutants/mut-A2DV-2.mzn:65.5-72.5
  in call 'forall'
  in array comprehension expression
    with i = <expression>
    with j = <expression>
/home/soesteve/constraints/metamorphic_testing_constrints/experiments/benchmarks/Mutants/mut-A2DV-2.mzn:67.9-71.13
  in if-then-else expression
  in call 'exists'
  in array comprehension expression
    with r = <expression>
  in binary '>' operator expression
  in binary 'div' operator expression

Warning: undefined result becomes false in Boolean context
  (division by zero)
/home/soesteve/constraints/metamorphic_testing_constrints/experiments/benchmarks/Mutants/mut-A2DV-2.mzn:65.5-72.5
  in call 'forall'
  in array comprehension expression
    with i = <expression>
    with j = <expression>
/home/soesteve/constraints/metamorphic_testing_constrints/experiments/benchmarks/Mutants/mut-A2DV-2.mzn:67.9-71.13
  in if-then-else expression
  in call 'exists'
  in array comprehension expression
    with r = <expression>
  in binary '>' operator expression
  in binary 'div' operator expression

Warning: undefined result becomes false in Boolean context
  (division by zero)
/home/soesteve/constraints/metamorphic_testing_constrints/experiments/benchmarks/Mutants/mut-A2DV-2.mzn:65.5-72.5
  in call 'forall'
  in array comprehension expression
    with i = <expression>
    with j = <expression>
/home/soesteve/constraints/metamorphic_testing_constrints/experiments/benchmarks/Mutants/mut-A2DV-2.mzn:67.9-71.13
  in if-then-else expression
  in call 'exists'
  in array comprehension expression
    with r = <expression>
  in binary '>' operator expression
  in binary 'div' operator expression

Warning: undefined result becomes false in Boolean context
  (division by zero)
/home/soesteve/constraints/metamorphic_testing_constrints/experiments/benchmarks/Mutants/mut-A2DV-2.mzn:65.5-72.5
  in call 'forall'
  in array comprehension expression
    with i = <expression>
    with j = <expression>
/home/soesteve/constraints/metamorphic_testing_constrints/experiments/benchmarks/Mutants/mut-A2DV-2.mzn:67.9-71.13
  in if-then-else expression
  in call 'exists'
  in array comprehension expression
    with r = <expression>
  in binary '>' operator expression
  in binary 'div' operator expression

Warning: Further warnings have been suppressed.

Start times = [0, 6, 8, 16, 18, 24, 28, 33, 36, 46, 48, 55, 59, 62, 71, 74, 80, 81, 84, 90, 91, 101, 104, 110, 115, 125, 131, 139, 149, 157]
makespan = 167
----------
==========
OK
total time: 0.215887279715389 ms
OK
